<?xml version="1.0" encoding="UTF-8"?>
<!-- Generated by org.testng.reporters.JUnitXMLReporter -->
<testsuite hostname="aanukevich" ignored="0" name="Test 1" tests="3" failures="0" timestamp="2020-02-12T14:41:27 MSK" time="15.386" errors="0">
  <testcase name="googleTest" time="5.388" classname="test.GoogleSearchTests"/>
  <testcase name="yandexTest" time="1.909" classname="test.GoogleSearchTests"/>
  <testcase name="yahooTest" time="1.426" classname="test.GoogleSearchTests"/>
</testsuite> <!-- Test 1 -->
